
Parameters:
ALLOW_SOFT_PLACEMENT=True
BATCH_SIZE=1024
CHECKPOINT_EVERY=100
DEV_SAMPLE_PERCENTAGE=0.1
DROPOUT_KEEP_PROB=0.5
EMBEDDING_DIM=128
EVALUATE_EVERY=100
FILTER_SIZES=3,4,5
L2_REG_LAMBDA=0.0
LOG_DEVICE_PLACEMENT=False
NEGATIVE_DATA_FILE=./data/rt-polaritydata/rt-polarity.neg
NUM_CHECKPOINTS=5
NUM_EPOCHS=200
NUM_FILTERS=128
POSITIVE_DATA_FILE=./data/rt-polaritydata/rt-polarity.pos

Loading data...
1076 max_document
(10002, 1076)
Train/Dev split: 9002/1000
Number of Class: 3
Writing to /home/g/grad/xinhao/IE_Project/runs/1494172999

2017-05-07T12:04:13.797433: step 1, loss 1.85393, acc 0.639648
2017-05-07T12:05:06.249449: step 2, loss 9.46428, acc 0.172852
2017-05-07T12:05:59.632343: step 3, loss 8.95339, acc 0.18457
2017-05-07T12:06:53.071512: step 4, loss 3.65044, acc 0.198242
2017-05-07T12:07:46.297314: step 5, loss 2.6882, acc 0.634766
2017-05-07T12:08:39.448747: step 6, loss 4.23221, acc 0.634766
2017-05-07T12:09:33.081812: step 7, loss 5.21201, acc 0.608398
2017-05-07T12:10:26.686952: step 8, loss 5.06354, acc 0.621094
2017-05-07T12:11:09.148274: step 9, loss 4.18126, acc 0.651852
2017-05-07T12:12:02.172782: step 10, loss 3.34616, acc 0.630859
2017-05-07T12:12:55.325853: step 11, loss 2.99986, acc 0.250977
2017-05-07T12:13:47.872172: step 12, loss 3.73972, acc 0.204102
2017-05-07T12:14:41.174394: step 13, loss 2.7573, acc 0.198242
2017-05-07T12:15:34.311901: step 14, loss 1.76456, acc 0.648438
2017-05-07T12:16:27.755385: step 15, loss 1.93929, acc 0.608398
2017-05-07T12:17:20.295756: step 16, loss 1.54781, acc 0.639648
2017-05-07T12:18:13.851651: step 17, loss 1.22799, acc 0.650391
2017-05-07T12:18:56.041204: step 18, loss 2.13954, acc 0.185185
2017-05-07T12:19:49.018809: step 19, loss 2.28052, acc 0.18457
2017-05-07T12:20:42.101526: step 20, loss 1.44997, acc 0.511719
2017-05-07T12:21:35.713430: step 21, loss 1.31985, acc 0.643555
2017-05-07T12:22:29.258645: step 22, loss 1.45161, acc 0.620117
2017-05-07T12:23:22.593635: step 23, loss 1.26924, acc 0.630859
2017-05-07T12:24:15.993679: step 24, loss 1.34339, acc 0.624023
2017-05-07T12:25:09.283783: step 25, loss 1.6864, acc 0.178711
2017-05-07T12:26:02.849248: step 26, loss 1.40552, acc 0.302734
2017-05-07T12:26:45.258015: step 27, loss 1.09442, acc 0.641975
2017-05-07T12:27:38.514833: step 28, loss 1.02361, acc 0.663086
2017-05-07T12:28:31.819790: step 29, loss 1.07035, acc 0.640625
2017-05-07T12:29:24.760387: step 30, loss 1.11818, acc 0.625977
2017-05-07T12:30:17.810389: step 31, loss 1.35193, acc 0.297852
2017-05-07T12:31:11.206487: step 32, loss 1.23167, acc 0.356445
2017-05-07T12:32:04.295513: step 33, loss 1.00184, acc 0.613281
2017-05-07T12:32:56.450043: step 34, loss 0.975283, acc 0.615234
2017-05-07T12:33:49.870177: step 35, loss 0.954107, acc 0.634766
2017-05-07T12:34:31.691830: step 36, loss 1.08803, acc 0.572839
2017-05-07T12:35:24.937396: step 37, loss 1.1154, acc 0.541992
2017-05-07T12:36:18.089249: step 38, loss 1.03292, acc 0.637695
2017-05-07T12:37:11.332868: step 39, loss 0.932427, acc 0.660156
2017-05-07T12:38:04.976445: step 40, loss 0.938816, acc 0.634766
2017-05-07T12:38:58.363248: step 41, loss 0.964442, acc 0.602539
2017-05-07T12:39:50.951117: step 42, loss 1.02165, acc 0.493164
2017-05-07T12:40:44.258906: step 43, loss 0.997656, acc 0.50293
2017-05-07T12:41:37.718491: step 44, loss 0.909347, acc 0.62207
2017-05-07T12:42:19.800101: step 45, loss 0.918221, acc 0.617284
2017-05-07T12:43:13.311912: step 46, loss 0.945502, acc 0.625977
2017-05-07T12:44:06.456473: step 47, loss 0.947478, acc 0.639648
2017-05-07T12:44:59.252066: step 48, loss 0.988449, acc 0.615234
2017-05-07T12:45:51.499779: step 49, loss 0.913793, acc 0.631836
2017-05-07T12:46:43.787935: step 50, loss 0.874513, acc 0.630859
2017-05-07T12:47:37.180456: step 51, loss 0.894309, acc 0.641602
2017-05-07T12:48:29.374880: step 52, loss 0.953836, acc 0.629883
2017-05-07T12:49:21.631128: step 53, loss 0.901067, acc 0.651367
2017-05-07T12:50:03.758084: step 54, loss 0.892438, acc 0.640741
2017-05-07T12:50:56.666723: step 55, loss 0.881971, acc 0.633789
2017-05-07T12:51:49.718207: step 56, loss 0.883971, acc 0.636719
2017-05-07T12:52:42.829755: step 57, loss 0.886392, acc 0.651367
2017-05-07T12:53:36.121530: step 58, loss 0.89416, acc 0.637695
2017-05-07T12:54:29.377661: step 59, loss 0.862342, acc 0.637695
2017-05-07T12:55:22.586357: step 60, loss 0.849655, acc 0.643555
2017-05-07T12:56:15.580337: step 61, loss 0.908824, acc 0.607422
2017-05-07T12:57:08.899803: step 62, loss 0.886502, acc 0.639648
2017-05-07T12:57:51.187457: step 63, loss 0.892539, acc 0.630864
2017-05-07T12:58:44.346906: step 64, loss 0.877087, acc 0.613281
2017-05-07T12:59:36.667248: step 65, loss 0.85768, acc 0.628906
2017-05-07T13:00:28.861353: step 66, loss 0.920665, acc 0.607422
2017-05-07T13:01:21.472457: step 67, loss 0.829116, acc 0.661133
2017-05-07T13:02:13.701558: step 68, loss 0.855316, acc 0.636719
2017-05-07T13:03:06.793458: step 69, loss 0.835666, acc 0.639648
2017-05-07T13:03:59.012318: step 70, loss 0.840763, acc 0.643555
2017-05-07T13:04:51.834864: step 71, loss 0.864087, acc 0.639648
2017-05-07T13:05:33.714666: step 72, loss 0.857009, acc 0.632099
2017-05-07T13:06:27.024804: step 73, loss 0.855342, acc 0.625977
2017-05-07T13:07:19.117750: step 74, loss 0.80509, acc 0.664062
2017-05-07T13:08:12.077447: step 75, loss 0.846905, acc 0.632812
2017-05-07T13:09:04.485360: step 76, loss 0.832293, acc 0.646484
2017-05-07T13:09:57.785846: step 77, loss 0.859835, acc 0.624023
2017-05-07T13:10:50.682452: step 78, loss 0.820207, acc 0.650391
2017-05-07T13:11:43.933828: step 79, loss 0.854919, acc 0.623047
2017-05-07T13:12:36.228978: step 80, loss 0.851918, acc 0.630859
2017-05-07T13:13:17.764459: step 81, loss 0.884223, acc 0.602469
2017-05-07T13:14:11.056481: step 82, loss 0.847131, acc 0.629883
2017-05-07T13:15:04.216761: step 83, loss 0.818863, acc 0.642578
2017-05-07T13:15:56.559753: step 84, loss 0.82155, acc 0.643555
2017-05-07T13:16:48.755369: step 85, loss 0.858061, acc 0.631836
2017-05-07T13:17:41.637762: step 86, loss 0.846378, acc 0.629883
2017-05-07T13:18:34.927622: step 87, loss 0.818738, acc 0.635742
2017-05-07T13:19:27.529196: step 88, loss 0.835652, acc 0.637695
2017-05-07T13:20:20.860706: step 89, loss 0.841592, acc 0.629883
2017-05-07T13:21:02.746548: step 90, loss 0.842738, acc 0.625926
2017-05-07T13:21:56.090355: step 91, loss 0.809424, acc 0.643555
2017-05-07T13:22:48.196946: step 92, loss 0.829639, acc 0.636719
2017-05-07T13:23:41.096841: step 93, loss 0.84369, acc 0.625977
2017-05-07T13:24:33.711258: step 94, loss 0.822154, acc 0.629883
2017-05-07T13:25:26.890586: step 95, loss 0.830777, acc 0.634766
2017-05-07T13:26:19.375402: step 96, loss 0.828551, acc 0.625977
2017-05-07T13:27:12.557943: step 97, loss 0.820542, acc 0.633789
2017-05-07T13:28:05.886746: step 98, loss 0.809075, acc 0.626953
2017-05-07T13:28:47.713959: step 99, loss 0.796798, acc 0.648148
2017-05-07T13:29:40.835127: step 100, loss 0.787108, acc 0.649414

Evaluation:
2017-05-07T13:30:00.105440: step 100, loss 0.813406, acc 0.657

2017-05-07T13:30:52.591286: step 101, loss 0.82411, acc 0.631836
2017-05-07T13:31:45.105039: step 102, loss 0.820624, acc 0.625977
2017-05-07T13:32:37.928850: step 103, loss 0.831824, acc 0.626953
2017-05-07T13:33:31.146222: step 104, loss 0.82037, acc 0.625977
2017-05-07T13:34:23.616033: step 105, loss 0.759715, acc 0.670898
2017-05-07T13:35:16.688933: step 106, loss 0.806443, acc 0.649414
2017-05-07T13:36:08.984556: step 107, loss 0.874931, acc 0.59375
2017-05-07T13:36:50.819712: step 108, loss 0.807376, acc 0.653086
2017-05-07T13:37:44.128700: step 109, loss 0.840458, acc 0.651367
2017-05-07T13:38:36.340178: step 110, loss 0.781716, acc 0.654297
2017-05-07T13:39:29.504293: step 111, loss 0.811939, acc 0.637695
